d:\users\timka\source\repos\consoleapplication2\consoleapplication2\debug\consoleapplication2.pch
d:\users\timka\source\repos\consoleapplication2\consoleapplication2\debug\vc141.pdb
d:\users\timka\source\repos\consoleapplication2\consoleapplication2\debug\vc141.idb
d:\users\timka\source\repos\consoleapplication2\consoleapplication2\debug\stdafx.obj
d:\users\timka\source\repos\consoleapplication2\consoleapplication2\debug\vfilemanager.obj
d:\users\timka\source\repos\consoleapplication2\consoleapplication2\debug\consoleapplication2.obj
d:\users\timka\source\repos\consoleapplication2\debug\consoleapplication2.lib
d:\users\timka\source\repos\consoleapplication2\debug\consoleapplication2.exp
d:\users\timka\source\repos\consoleapplication2\debug\consoleapplication2.exe
d:\users\timka\source\repos\consoleapplication2\debug\consoleapplication2.ilk
d:\users\timka\source\repos\consoleapplication2\debug\consoleapplication2.pdb
d:\users\timka\source\repos\consoleapplication2\consoleapplication2\debug\consoleapplication2.res
d:\users\timka\source\repos\consoleapplication2\consoleapplication2\debug\consolea.31929c3b.tlog\cl.command.1.tlog
d:\users\timka\source\repos\consoleapplication2\consoleapplication2\debug\consolea.31929c3b.tlog\cl.read.1.tlog
d:\users\timka\source\repos\consoleapplication2\consoleapplication2\debug\consolea.31929c3b.tlog\cl.write.1.tlog
d:\users\timka\source\repos\consoleapplication2\consoleapplication2\debug\consolea.31929c3b.tlog\consoleapplication2.write.1u.tlog
d:\users\timka\source\repos\consoleapplication2\consoleapplication2\debug\consolea.31929c3b.tlog\link.command.1.tlog
d:\users\timka\source\repos\consoleapplication2\consoleapplication2\debug\consolea.31929c3b.tlog\link.read.1.tlog
d:\users\timka\source\repos\consoleapplication2\consoleapplication2\debug\consolea.31929c3b.tlog\link.write.1.tlog
d:\users\timka\source\repos\consoleapplication2\consoleapplication2\debug\consolea.31929c3b.tlog\rc.command.1.tlog
d:\users\timka\source\repos\consoleapplication2\consoleapplication2\debug\consolea.31929c3b.tlog\rc.read.1.tlog
d:\users\timka\source\repos\consoleapplication2\consoleapplication2\debug\consolea.31929c3b.tlog\rc.write.1.tlog
